[2021-08-29T13:53:38.371] [DEBUG] cheese - login => username:root,password:123456
[2021-08-29T13:53:38.376] [DEBUG] cheese - root
[2021-08-29T13:53:38.558] [DEBUG] cheese - null
[2021-08-29T13:53:38.559] [DEBUG] cheese - null
[2021-08-29T13:54:18.291] [DEBUG] cheese - login => username:root,password:123456
[2021-08-29T13:54:18.291] [DEBUG] cheese - root
[2021-08-29T13:54:18.294] [DEBUG] cheese - null
[2021-08-29T13:54:18.294] [DEBUG] cheese - null
[2021-08-29T13:55:07.359] [DEBUG] cheese - login => username:root,password:123456
[2021-08-29T13:55:07.359] [DEBUG] cheese - root
[2021-08-29T13:55:07.361] [DEBUG] cheese - null
[2021-08-29T13:55:07.361] [DEBUG] cheese - null
[2021-08-29T13:56:57.896] [DEBUG] cheese - login => username:root,password:123456
[2021-08-29T13:56:57.896] [DEBUG] cheese - root
[2021-08-29T13:56:57.898] [DEBUG] cheese - null
[2021-08-29T13:56:57.898] [DEBUG] cheese - null
[2021-08-29T14:03:35.947] [DEBUG] cheese - login => username:root,password:123456
[2021-08-29T14:03:35.948] [DEBUG] cheese - root
[2021-08-29T14:03:35.954] [DEBUG] cheese - null
[2021-08-29T14:03:35.954] [DEBUG] cheese - null
[2021-08-29T14:03:41.890] [DEBUG] cheese - login => username:admin,password:123456
[2021-08-29T14:03:41.891] [DEBUG] cheese - admin
[2021-08-29T14:03:41.921] [DEBUG] cheese - null
[2021-08-29T14:03:41.921] [DEBUG] cheese - null
[2021-08-29T14:08:33.740] [DEBUG] cheese - login => username:admin,password:123456
[2021-08-29T14:08:33.740] [DEBUG] cheese - admin
[2021-08-29T14:08:33.747] [DEBUG] cheese - null
[2021-08-29T14:08:33.748] [DEBUG] cheese - null
[2021-08-29T14:11:35.434] [DEBUG] cheese - login => username:admin,password:123456
[2021-08-29T14:11:35.434] [DEBUG] cheese - admin
[2021-08-29T14:11:35.438] [DEBUG] cheese - null
[2021-08-29T14:11:35.438] [DEBUG] cheese - null
[2021-08-29T14:30:13.877] [DEBUG] cheese - login => username:admin,password:123456
[2021-08-29T14:30:13.877] [DEBUG] cheese - admin
[2021-08-29T14:30:13.882] [DEBUG] cheese - null
[2021-08-29T14:30:13.882] [DEBUG] cheese - null
[2021-08-29T14:58:06.598] [DEBUG] cheese - login => username:admin,password:123456
[2021-08-29T14:58:06.599] [DEBUG] cheese - admin
[2021-08-29T14:58:06.607] [DEBUG] cheese - null
[2021-08-29T14:58:06.607] [DEBUG] cheese - null
[2021-08-29T15:19:48.475] [DEBUG] cheese - login => username:admin,password:123456
[2021-08-29T15:19:48.475] [DEBUG] cheese - admin
[2021-08-29T15:19:48.478] [DEBUG] cheese - null
[2021-08-29T15:19:48.479] [DEBUG] cheese - null
